This is pdfTeX, Version 3.14159265-2.6-1.40.19 (TeX Live 2018) (preloaded format=pdflatex 2018.4.16)  20 OCT 2020 11:42
entering extended mode
 restricted \write18 enabled.
 file:line:error style messages enabled.
 %&-line parsing enabled.
**homework3.tex
(./homework3.tex
LaTeX2e <2018-04-01> patch level 2
Babel <3.18> and hyphenation patterns for 84 language(s) loaded.
(/usr/local/texlive/2018/texmf-dist/tex/latex/base/article.cls
Document Class: article 2014/09/29 v1.4h Standard LaTeX document class
(/usr/local/texlive/2018/texmf-dist/tex/latex/base/size12.clo
File: size12.clo 2014/09/29 v1.4h Standard LaTeX file (size option)
)
\c@part=\count80
\c@section=\count81
\c@subsection=\count82
\c@subsubsection=\count83
\c@paragraph=\count84
\c@subparagraph=\count85
\c@figure=\count86
\c@table=\count87
\abovecaptionskip=\skip41
\belowcaptionskip=\skip42
\bibindent=\dimen102
)
(/usr/local/texlive/2018/texmf-dist/tex/latex/amsmath/amsmath.sty
Package: amsmath 2017/09/02 v2.17a AMS math features
\@mathmargin=\skip43

For additional information on amsmath, use the `?' option.
(/usr/local/texlive/2018/texmf-dist/tex/latex/amsmath/amstext.sty
Package: amstext 2000/06/29 v2.01 AMS text

(/usr/local/texlive/2018/texmf-dist/tex/latex/amsmath/amsgen.sty
File: amsgen.sty 1999/11/30 v2.0 generic functions
\@emptytoks=\toks14
\ex@=\dimen103
))
(/usr/local/texlive/2018/texmf-dist/tex/latex/amsmath/amsbsy.sty
Package: amsbsy 1999/11/29 v1.2d Bold Symbols
\pmbraise@=\dimen104
)
(/usr/local/texlive/2018/texmf-dist/tex/latex/amsmath/amsopn.sty
Package: amsopn 2016/03/08 v2.02 operator names
)
\inf@bad=\count88
LaTeX Info: Redefining \frac on input line 213.
\uproot@=\count89
\leftroot@=\count90
LaTeX Info: Redefining \overline on input line 375.
\classnum@=\count91
\DOTSCASE@=\count92
LaTeX Info: Redefining \ldots on input line 472.
LaTeX Info: Redefining \dots on input line 475.
LaTeX Info: Redefining \cdots on input line 596.
\Mathstrutbox@=\box26
\strutbox@=\box27
\big@size=\dimen105
LaTeX Font Info:    Redeclaring font encoding OML on input line 712.
LaTeX Font Info:    Redeclaring font encoding OMS on input line 713.
\macc@depth=\count93
\c@MaxMatrixCols=\count94
\dotsspace@=\muskip10
\c@parentequation=\count95
\dspbrk@lvl=\count96
\tag@help=\toks15
\row@=\count97
\column@=\count98
\maxfields@=\count99
\andhelp@=\toks16
\eqnshift@=\dimen106
\alignsep@=\dimen107
\tagshift@=\dimen108
\tagwidth@=\dimen109
\totwidth@=\dimen110
\lineht@=\dimen111
\@envbody=\toks17
\multlinegap=\skip44
\multlinetaggap=\skip45
\mathdisplay@stack=\toks18
LaTeX Info: Redefining \[ on input line 2817.
LaTeX Info: Redefining \] on input line 2818.
)
(/usr/local/texlive/2018/texmf-dist/tex/latex/amsfonts/amsfonts.sty
Package: amsfonts 2013/01/14 v3.01 Basic AMSFonts support
\symAMSa=\mathgroup4
\symAMSb=\mathgroup5
LaTeX Font Info:    Overwriting math alphabet `\mathfrak' in version `bold'
(Font)                  U/euf/m/n --> U/euf/b/n on input line 106.
)
(/usr/local/texlive/2018/texmf-dist/tex/latex/amscls/amsthm.sty
Package: amsthm 2017/10/31 v2.20.4
\thm@style=\toks19
\thm@bodyfont=\toks20
\thm@headfont=\toks21
\thm@notefont=\toks22
\thm@headpunct=\toks23
\thm@preskip=\skip46
\thm@postskip=\skip47
\thm@headsep=\skip48
\dth@everypar=\toks24
)
(/usr/local/texlive/2018/texmf-dist/tex/latex/preprint/fullpage.sty
Package: fullpage 1999/02/23 1.1 (PWD)
\FP@margin=\skip49
)
(/usr/local/texlive/2018/texmf-dist/tex/latex/amsfonts/amssymb.sty
Package: amssymb 2013/01/14 v3.01 AMS font symbols
)
(/usr/local/texlive/2018/texmf-dist/tex/latex/algorithms/algorithm.sty
Package: algorithm 2009/08/24 v0.1 Document Style `algorithm' - floating enviro
nment

(/usr/local/texlive/2018/texmf-dist/tex/latex/float/float.sty
Package: float 2001/11/08 v1.3d Float enhancements (AL)
\c@float@type=\count100
\float@exts=\toks25
\float@box=\box28
\@float@everytoks=\toks26
\@floatcapt=\box29
)
(/usr/local/texlive/2018/texmf-dist/tex/latex/base/ifthen.sty
Package: ifthen 2014/09/29 v1.1c Standard LaTeX ifthen package (DPC)
)
\@float@every@algorithm=\toks27
\c@algorithm=\count101
)
(/usr/local/texlive/2018/texmf-dist/tex/latex/algorithms/algorithmic.sty
Package: algorithmic 2009/08/24 v0.1 Document Style `algorithmic'

(/usr/local/texlive/2018/texmf-dist/tex/latex/graphics/keyval.sty
Package: keyval 2014/10/28 v1.15 key=value parser (DPC)
\KV@toks@=\toks28
)
\c@ALC@unique=\count102
\c@ALC@line=\count103
\c@ALC@rem=\count104
\c@ALC@depth=\count105
\ALC@tlm=\skip50
\algorithmicindent=\skip51
)
(/usr/local/texlive/2018/texmf-dist/tex/latex/graphics/graphicx.sty
Package: graphicx 2017/06/01 v1.1a Enhanced LaTeX Graphics (DPC,SPQR)

(/usr/local/texlive/2018/texmf-dist/tex/latex/graphics/graphics.sty
Package: graphics 2017/06/25 v1.2c Standard LaTeX Graphics (DPC,SPQR)

(/usr/local/texlive/2018/texmf-dist/tex/latex/graphics/trig.sty
Package: trig 2016/01/03 v1.10 sin cos tan (DPC)
)
(/usr/local/texlive/2018/texmf-dist/tex/latex/graphics-cfg/graphics.cfg
File: graphics.cfg 2016/06/04 v1.11 sample graphics configuration
)
Package graphics Info: Driver file: pdftex.def on input line 99.

(/usr/local/texlive/2018/texmf-dist/tex/latex/graphics-def/pdftex.def
File: pdftex.def 2018/01/08 v1.0l Graphics/color driver for pdftex
))
\Gin@req@height=\dimen112
\Gin@req@width=\dimen113
)
(/usr/local/texlive/2018/texmf-dist/tex/latex/tcolorbox/tcolorbox.sty
Package: tcolorbox 2018/03/22 version 4.13 text color boxes

(/usr/local/texlive/2018/texmf-dist/tex/latex/pgf/basiclayer/pgf.sty
(/usr/local/texlive/2018/texmf-dist/tex/latex/pgf/utilities/pgfrcs.sty
(/usr/local/texlive/2018/texmf-dist/tex/generic/pgf/utilities/pgfutil-common.te
x
\pgfutil@everybye=\toks29
\pgfutil@tempdima=\dimen114
\pgfutil@tempdimb=\dimen115

(/usr/local/texlive/2018/texmf-dist/tex/generic/pgf/utilities/pgfutil-common-li
sts.tex))
(/usr/local/texlive/2018/texmf-dist/tex/generic/pgf/utilities/pgfutil-latex.def
\pgfutil@abb=\box30
(/usr/local/texlive/2018/texmf-dist/tex/latex/ms/everyshi.sty
Package: everyshi 2001/05/15 v3.00 EveryShipout Package (MS)
))
(/usr/local/texlive/2018/texmf-dist/tex/generic/pgf/utilities/pgfrcs.code.tex
Package: pgfrcs 2015/08/07 v3.0.1a (rcs-revision 1.31)
))
Package: pgf 2015/08/07 v3.0.1a (rcs-revision 1.15)
(/usr/local/texlive/2018/texmf-dist/tex/latex/pgf/basiclayer/pgfcore.sty
(/usr/local/texlive/2018/texmf-dist/tex/latex/pgf/systemlayer/pgfsys.sty
(/usr/local/texlive/2018/texmf-dist/tex/generic/pgf/systemlayer/pgfsys.code.tex
Package: pgfsys 2014/07/09 v3.0.1a (rcs-revision 1.48)
(/usr/local/texlive/2018/texmf-dist/tex/generic/pgf/utilities/pgfkeys.code.tex
\pgfkeys@pathtoks=\toks30
\pgfkeys@temptoks=\toks31

(/usr/local/texlive/2018/texmf-dist/tex/generic/pgf/utilities/pgfkeysfiltered.c
ode.tex
\pgfkeys@tmptoks=\toks32
))
\pgf@x=\dimen116
\pgf@y=\dimen117
\pgf@xa=\dimen118
\pgf@ya=\dimen119
\pgf@xb=\dimen120
\pgf@yb=\dimen121
\pgf@xc=\dimen122
\pgf@yc=\dimen123
\w@pgf@writea=\write3
\r@pgf@reada=\read1
\c@pgf@counta=\count106
\c@pgf@countb=\count107
\c@pgf@countc=\count108
\c@pgf@countd=\count109
\t@pgf@toka=\toks33
\t@pgf@tokb=\toks34
\t@pgf@tokc=\toks35

(/usr/local/texlive/2018/texmf-dist/tex/generic/pgf/systemlayer/pgf.cfg
File: pgf.cfg 2008/05/14  (rcs-revision 1.7)
)
Driver file for pgf: pgfsys-pdftex.def

(/usr/local/texlive/2018/texmf-dist/tex/generic/pgf/systemlayer/pgfsys-pdftex.d
ef
File: pgfsys-pdftex.def 2014/10/11  (rcs-revision 1.35)

(/usr/local/texlive/2018/texmf-dist/tex/generic/pgf/systemlayer/pgfsys-common-p
df.def
File: pgfsys-common-pdf.def 2013/10/10  (rcs-revision 1.13)
)))
(/usr/local/texlive/2018/texmf-dist/tex/generic/pgf/systemlayer/pgfsyssoftpath.
code.tex
File: pgfsyssoftpath.code.tex 2013/09/09  (rcs-revision 1.9)
\pgfsyssoftpath@smallbuffer@items=\count110
\pgfsyssoftpath@bigbuffer@items=\count111
)
(/usr/local/texlive/2018/texmf-dist/tex/generic/pgf/systemlayer/pgfsysprotocol.
code.tex
File: pgfsysprotocol.code.tex 2006/10/16  (rcs-revision 1.4)
)) (/usr/local/texlive/2018/texmf-dist/tex/latex/xcolor/xcolor.sty
Package: xcolor 2016/05/11 v2.12 LaTeX color extensions (UK)

(/usr/local/texlive/2018/texmf-dist/tex/latex/graphics-cfg/color.cfg
File: color.cfg 2016/01/02 v1.6 sample color configuration
)
Package xcolor Info: Driver file: pdftex.def on input line 225.
Package xcolor Info: Model `cmy' substituted by `cmy0' on input line 1348.
Package xcolor Info: Model `hsb' substituted by `rgb' on input line 1352.
Package xcolor Info: Model `RGB' extended on input line 1364.
Package xcolor Info: Model `HTML' substituted by `rgb' on input line 1366.
Package xcolor Info: Model `Hsb' substituted by `hsb' on input line 1367.
Package xcolor Info: Model `tHsb' substituted by `hsb' on input line 1368.
Package xcolor Info: Model `HSB' substituted by `hsb' on input line 1369.
Package xcolor Info: Model `Gray' substituted by `gray' on input line 1370.
Package xcolor Info: Model `wave' substituted by `hsb' on input line 1371.
)
(/usr/local/texlive/2018/texmf-dist/tex/generic/pgf/basiclayer/pgfcore.code.tex
Package: pgfcore 2010/04/11 v3.0.1a (rcs-revision 1.7)
(/usr/local/texlive/2018/texmf-dist/tex/generic/pgf/math/pgfmath.code.tex
(/usr/local/texlive/2018/texmf-dist/tex/generic/pgf/math/pgfmathcalc.code.tex
(/usr/local/texlive/2018/texmf-dist/tex/generic/pgf/math/pgfmathutil.code.tex)
(/usr/local/texlive/2018/texmf-dist/tex/generic/pgf/math/pgfmathparser.code.tex
\pgfmath@dimen=\dimen124
\pgfmath@count=\count112
\pgfmath@box=\box31
\pgfmath@toks=\toks36
\pgfmath@stack@operand=\toks37
\pgfmath@stack@operation=\toks38
)
(/usr/local/texlive/2018/texmf-dist/tex/generic/pgf/math/pgfmathfunctions.code.
tex
(/usr/local/texlive/2018/texmf-dist/tex/generic/pgf/math/pgfmathfunctions.basic
.code.tex)
(/usr/local/texlive/2018/texmf-dist/tex/generic/pgf/math/pgfmathfunctions.trigo
nometric.code.tex)
(/usr/local/texlive/2018/texmf-dist/tex/generic/pgf/math/pgfmathfunctions.rando
m.code.tex)
(/usr/local/texlive/2018/texmf-dist/tex/generic/pgf/math/pgfmathfunctions.compa
rison.code.tex)
(/usr/local/texlive/2018/texmf-dist/tex/generic/pgf/math/pgfmathfunctions.base.
code.tex)
(/usr/local/texlive/2018/texmf-dist/tex/generic/pgf/math/pgfmathfunctions.round
.code.tex)
(/usr/local/texlive/2018/texmf-dist/tex/generic/pgf/math/pgfmathfunctions.misc.
code.tex)
(/usr/local/texlive/2018/texmf-dist/tex/generic/pgf/math/pgfmathfunctions.integ
erarithmetics.code.tex)))
(/usr/local/texlive/2018/texmf-dist/tex/generic/pgf/math/pgfmathfloat.code.tex
\c@pgfmathroundto@lastzeros=\count113
))
(/usr/local/texlive/2018/texmf-dist/tex/generic/pgf/basiclayer/pgfcorepoints.co
de.tex
File: pgfcorepoints.code.tex 2013/10/07  (rcs-revision 1.27)
\pgf@picminx=\dimen125
\pgf@picmaxx=\dimen126
\pgf@picminy=\dimen127
\pgf@picmaxy=\dimen128
\pgf@pathminx=\dimen129
\pgf@pathmaxx=\dimen130
\pgf@pathminy=\dimen131
\pgf@pathmaxy=\dimen132
\pgf@xx=\dimen133
\pgf@xy=\dimen134
\pgf@yx=\dimen135
\pgf@yy=\dimen136
\pgf@zx=\dimen137
\pgf@zy=\dimen138
)
(/usr/local/texlive/2018/texmf-dist/tex/generic/pgf/basiclayer/pgfcorepathconst
ruct.code.tex
File: pgfcorepathconstruct.code.tex 2013/10/07  (rcs-revision 1.29)
\pgf@path@lastx=\dimen139
\pgf@path@lasty=\dimen140
)
(/usr/local/texlive/2018/texmf-dist/tex/generic/pgf/basiclayer/pgfcorepathusage
.code.tex
File: pgfcorepathusage.code.tex 2014/11/02  (rcs-revision 1.24)
\pgf@shorten@end@additional=\dimen141
\pgf@shorten@start@additional=\dimen142
)
(/usr/local/texlive/2018/texmf-dist/tex/generic/pgf/basiclayer/pgfcorescopes.co
de.tex
File: pgfcorescopes.code.tex 2015/05/08  (rcs-revision 1.46)
\pgfpic=\box32
\pgf@hbox=\box33
\pgf@layerbox@main=\box34
\pgf@picture@serial@count=\count114
)
(/usr/local/texlive/2018/texmf-dist/tex/generic/pgf/basiclayer/pgfcoregraphicst
ate.code.tex
File: pgfcoregraphicstate.code.tex 2014/11/02  (rcs-revision 1.12)
\pgflinewidth=\dimen143
)
(/usr/local/texlive/2018/texmf-dist/tex/generic/pgf/basiclayer/pgfcoretransform
ations.code.tex
File: pgfcoretransformations.code.tex 2015/08/07  (rcs-revision 1.20)
\pgf@pt@x=\dimen144
\pgf@pt@y=\dimen145
\pgf@pt@temp=\dimen146
)
(/usr/local/texlive/2018/texmf-dist/tex/generic/pgf/basiclayer/pgfcorequick.cod
e.tex
File: pgfcorequick.code.tex 2008/10/09  (rcs-revision 1.3)
)
(/usr/local/texlive/2018/texmf-dist/tex/generic/pgf/basiclayer/pgfcoreobjects.c
ode.tex
File: pgfcoreobjects.code.tex 2006/10/11  (rcs-revision 1.2)
)
(/usr/local/texlive/2018/texmf-dist/tex/generic/pgf/basiclayer/pgfcorepathproce
ssing.code.tex
File: pgfcorepathprocessing.code.tex 2013/09/09  (rcs-revision 1.9)
)
(/usr/local/texlive/2018/texmf-dist/tex/generic/pgf/basiclayer/pgfcorearrows.co
de.tex
File: pgfcorearrows.code.tex 2015/05/14  (rcs-revision 1.43)
\pgfarrowsep=\dimen147
)
(/usr/local/texlive/2018/texmf-dist/tex/generic/pgf/basiclayer/pgfcoreshade.cod
e.tex
File: pgfcoreshade.code.tex 2013/07/15  (rcs-revision 1.15)
\pgf@max=\dimen148
\pgf@sys@shading@range@num=\count115
)
(/usr/local/texlive/2018/texmf-dist/tex/generic/pgf/basiclayer/pgfcoreimage.cod
e.tex
File: pgfcoreimage.code.tex 2013/07/15  (rcs-revision 1.18)

(/usr/local/texlive/2018/texmf-dist/tex/generic/pgf/basiclayer/pgfcoreexternal.
code.tex
File: pgfcoreexternal.code.tex 2014/07/09  (rcs-revision 1.21)
\pgfexternal@startupbox=\box35
))
(/usr/local/texlive/2018/texmf-dist/tex/generic/pgf/basiclayer/pgfcorelayers.co
de.tex
File: pgfcorelayers.code.tex 2013/07/18  (rcs-revision 1.7)
)
(/usr/local/texlive/2018/texmf-dist/tex/generic/pgf/basiclayer/pgfcoretranspare
ncy.code.tex
File: pgfcoretransparency.code.tex 2013/09/30  (rcs-revision 1.5)
)
(/usr/local/texlive/2018/texmf-dist/tex/generic/pgf/basiclayer/pgfcorepatterns.
code.tex
File: pgfcorepatterns.code.tex 2013/11/07  (rcs-revision 1.5)
)))
(/usr/local/texlive/2018/texmf-dist/tex/generic/pgf/modules/pgfmoduleshapes.cod
e.tex
File: pgfmoduleshapes.code.tex 2014/03/21  (rcs-revision 1.35)
\pgfnodeparttextbox=\box36
)
(/usr/local/texlive/2018/texmf-dist/tex/generic/pgf/modules/pgfmoduleplot.code.
tex
File: pgfmoduleplot.code.tex 2015/08/03  (rcs-revision 1.13)
)
(/usr/local/texlive/2018/texmf-dist/tex/latex/pgf/compatibility/pgfcomp-version
-0-65.sty
Package: pgfcomp-version-0-65 2007/07/03 v3.0.1a (rcs-revision 1.7)
\pgf@nodesepstart=\dimen149
\pgf@nodesepend=\dimen150
)
(/usr/local/texlive/2018/texmf-dist/tex/latex/pgf/compatibility/pgfcomp-version
-1-18.sty
Package: pgfcomp-version-1-18 2007/07/23 v3.0.1a (rcs-revision 1.1)
)) (/usr/local/texlive/2018/texmf-dist/tex/latex/tools/verbatim.sty
Package: verbatim 2014/10/28 v1.5q LaTeX2e package for verbatim enhancements
\every@verbatim=\toks39
\verbatim@line=\toks40
\verbatim@in@stream=\read2
)
(/usr/local/texlive/2018/texmf-dist/tex/latex/environ/environ.sty
Package: environ 2014/05/04 v0.3 A new way to define environments

(/usr/local/texlive/2018/texmf-dist/tex/latex/trimspaces/trimspaces.sty
Package: trimspaces 2009/09/17 v1.1 Trim spaces around a token list
))
(/usr/local/texlive/2018/texmf-dist/tex/latex/etoolbox/etoolbox.sty
Package: etoolbox 2018/02/11 v2.5e e-TeX tools for LaTeX (JAW)
\etb@tempcnta=\count116
)
\tcb@titlebox=\box37
\tcb@upperbox=\box38
\tcb@lowerbox=\box39
\tcb@phantombox=\box40
\c@tcbbreakpart=\count117
\c@tcblayer=\count118
\tcolorbox@number=\count119
\tcb@temp=\box41
\tcb@temp=\box42
\tcb@temp=\box43
\tcb@temp=\box44
\tcb@out=\write4
\tcb@record@out=\write5
)
(./homework3.aux)
\openout1 = `homework3.aux'.

LaTeX Font Info:    Checking defaults for OML/cmm/m/it on input line 9.
LaTeX Font Info:    ... okay on input line 9.
LaTeX Font Info:    Checking defaults for T1/cmr/m/n on input line 9.
LaTeX Font Info:    ... okay on input line 9.
LaTeX Font Info:    Checking defaults for OT1/cmr/m/n on input line 9.
LaTeX Font Info:    ... okay on input line 9.
LaTeX Font Info:    Checking defaults for OMS/cmsy/m/n on input line 9.
LaTeX Font Info:    ... okay on input line 9.
LaTeX Font Info:    Checking defaults for OMX/cmex/m/n on input line 9.
LaTeX Font Info:    ... okay on input line 9.
LaTeX Font Info:    Checking defaults for U/cmr/m/n on input line 9.
LaTeX Font Info:    ... okay on input line 9.

(/usr/local/texlive/2018/texmf-dist/tex/context/base/mkii/supp-pdf.mkii
[Loading MPS to PDF converter (version 2006.09.02).]
\scratchcounter=\count120
\scratchdimen=\dimen151
\scratchbox=\box45
\nofMPsegments=\count121
\nofMParguments=\count122
\everyMPshowfont=\toks41
\MPscratchCnt=\count123
\MPscratchDim=\dimen152
\MPnumerator=\count124
\makeMPintoPDFobject=\count125
\everyMPtoPDFconversion=\toks42
) (/usr/local/texlive/2018/texmf-dist/tex/latex/oberdiek/epstopdf-base.sty
Package: epstopdf-base 2016/05/15 v2.6 Base part for package epstopdf

(/usr/local/texlive/2018/texmf-dist/tex/generic/oberdiek/infwarerr.sty
Package: infwarerr 2016/05/16 v1.4 Providing info/warning/error messages (HO)
)
(/usr/local/texlive/2018/texmf-dist/tex/latex/oberdiek/grfext.sty
Package: grfext 2016/05/16 v1.2 Manage graphics extensions (HO)

(/usr/local/texlive/2018/texmf-dist/tex/generic/oberdiek/kvdefinekeys.sty
Package: kvdefinekeys 2016/05/16 v1.4 Define keys (HO)

(/usr/local/texlive/2018/texmf-dist/tex/generic/oberdiek/ltxcmds.sty
Package: ltxcmds 2016/05/16 v1.23 LaTeX kernel commands for general use (HO)
)))
(/usr/local/texlive/2018/texmf-dist/tex/latex/oberdiek/kvoptions.sty
Package: kvoptions 2016/05/16 v3.12 Key value format for package options (HO)

(/usr/local/texlive/2018/texmf-dist/tex/generic/oberdiek/kvsetkeys.sty
Package: kvsetkeys 2016/05/16 v1.17 Key value parser (HO)

(/usr/local/texlive/2018/texmf-dist/tex/generic/oberdiek/etexcmds.sty
Package: etexcmds 2016/05/16 v1.6 Avoid name clashes with e-TeX commands (HO)

(/usr/local/texlive/2018/texmf-dist/tex/generic/oberdiek/ifluatex.sty
Package: ifluatex 2016/05/16 v1.4 Provides the ifluatex switch (HO)
Package ifluatex Info: LuaTeX not detected.
)
Package etexcmds Info: Could not find \expanded.
(etexcmds)             That can mean that you are not using pdfTeX 1.50 or
(etexcmds)             that some package has redefined \expanded.
(etexcmds)             In the latter case, load this package earlier.
)))
(/usr/local/texlive/2018/texmf-dist/tex/generic/oberdiek/pdftexcmds.sty
Package: pdftexcmds 2018/01/30 v0.27 Utility functions of pdfTeX for LuaTeX (HO
)

(/usr/local/texlive/2018/texmf-dist/tex/generic/oberdiek/ifpdf.sty
Package: ifpdf 2017/03/15 v3.2 Provides the ifpdf switch
)
Package pdftexcmds Info: LuaTeX not detected.
Package pdftexcmds Info: \pdf@primitive is available.
Package pdftexcmds Info: \pdf@ifprimitive is available.
Package pdftexcmds Info: \pdfdraftmode found.
)
Package epstopdf-base Info: Redefining graphics rule for `.eps' on input line 4
38.
Package grfext Info: Graphics extension search list:
(grfext)             [.pdf,.png,.jpg,.mps,.jpeg,.jbig2,.jb2,.PDF,.PNG,.JPG,.JPE
G,.JBIG2,.JB2,.eps]
(grfext)             \AppendGraphicsExtensions on input line 456.

(/usr/local/texlive/2018/texmf-dist/tex/latex/latexconfig/epstopdf-sys.cfg
File: epstopdf-sys.cfg 2010/07/13 v1.3 Configuration of (r)epstopdf for TeX Liv
e
))
ABD: EveryShipout initializing macros
LaTeX Font Info:    Try loading font information for U+msa on input line 14.

(/usr/local/texlive/2018/texmf-dist/tex/latex/amsfonts/umsa.fd
File: umsa.fd 2013/01/14 v3.01 AMS symbols A
)
LaTeX Font Info:    Try loading font information for U+msb on input line 14.

(/usr/local/texlive/2018/texmf-dist/tex/latex/amsfonts/umsb.fd
File: umsb.fd 2013/01/14 v3.01 AMS symbols B
)
Underfull \hbox (badness 10000) in paragraph at lines 25--26

 []

<hist_amy.png, id=4, 462.528pt x 346.896pt>
File: hist_amy.png Graphic file (type png)
<use hist_amy.png>
Package pdftex.def Info: hist_amy.png  used on input line 27.
(pdftex.def)             Requested size: 196.35779pt x 147.2674pt.
<hist_acc.png, id=6, 462.528pt x 346.896pt>
File: hist_acc.png Graphic file (type png)
<use hist_acc.png>
Package pdftex.def Info: hist_acc.png  used on input line 28.
(pdftex.def)             Requested size: 196.35779pt x 147.2674pt.
<kde.png, id=7, 462.528pt x 346.896pt>
File: kde.png Graphic file (type png)
<use kde.png>
Package pdftex.def Info: kde.png  used on input line 29.
(pdftex.def)             Requested size: 327.26715pt x 245.46155pt.

Underfull \vbox (badness 10000) has occurred while \output is active []

 [1

{/usr/local/texlive/2018/texmf-var/fonts/map/pdftex/updmap/pdftex.map}] [2 <./h
ist_amy.png> <./hist_acc.png> <./kde.png>]
<2d_hist.png, id=32, 462.528pt x 346.896pt>
File: 2d_hist.png Graphic file (type png)
<use 2d_hist.png>
Package pdftex.def Info: 2d_hist.png  used on input line 46.
(pdftex.def)             Requested size: 281.85587pt x 211.39981pt.
<kde1.png, id=33, 462.528pt x 346.896pt>
File: kde1.png Graphic file (type png)
<use kde1.png>
Package pdftex.def Info: kde1.png  used on input line 52.
(pdftex.def)             Requested size: 140.92793pt x 105.69461pt.
<kde2.png, id=34, 462.528pt x 346.896pt>
File: kde2.png Graphic file (type png)
<use kde2.png>
Package pdftex.def Info: kde2.png  used on input line 53.
(pdftex.def)             Requested size: 140.92793pt x 105.69461pt.
<kde3.png, id=35, 462.528pt x 346.896pt>
File: kde3.png Graphic file (type png)
<use kde3.png>
Package pdftex.def Info: kde3.png  used on input line 54.
(pdftex.def)             Requested size: 140.92793pt x 105.69461pt.
<kde4.png, id=36, 462.528pt x 346.896pt>
File: kde4.png Graphic file (type png)
<use kde4.png>
Package pdftex.def Info: kde4.png  used on input line 55.
(pdftex.def)             Requested size: 140.92793pt x 105.69461pt.
<kde5.png, id=37, 462.528pt x 346.896pt>
File: kde5.png Graphic file (type png)
<use kde5.png>
Package pdftex.def Info: kde5.png  used on input line 56.
(pdftex.def)             Requested size: 140.92793pt x 105.69461pt.
<kde6.png, id=38, 462.528pt x 346.896pt>
File: kde6.png Graphic file (type png)
<use kde6.png>
Package pdftex.def Info: kde6.png  used on input line 57.
(pdftex.def)             Requested size: 140.92793pt x 105.69461pt.
 [3 <./2d_hist.png> <./kde1.png> <./kde2.png> <./kde3.png>]
Underfull \hbox (badness 10000) in paragraph at lines 64--65

 []

<joint.png, id=47, 462.528pt x 346.896pt>
File: joint.png Graphic file (type png)
<use joint.png>
Package pdftex.def Info: joint.png  used on input line 69.
(pdftex.def)             Requested size: 122.72595pt x 92.04344pt.
<product.png, id=48, 462.528pt x 346.896pt>
File: product.png Graphic file (type png)
<use product.png>
Package pdftex.def Info: product.png  used on input line 70.
(pdftex.def)             Requested size: 122.72595pt x 92.04344pt.
<difference.png, id=49, 462.528pt x 346.896pt>
File: difference.png Graphic file (type png)
<use difference.png>
Package pdftex.def Info: difference.png  used on input line 71.
(pdftex.def)             Requested size: 122.72595pt x 92.04344pt.
<scipy_joint.png, id=50, 462.528pt x 346.896pt>
File: scipy_joint.png Graphic file (type png)
<use scipy_joint.png>
Package pdftex.def Info: scipy_joint.png  used on input line 72.
(pdftex.def)             Requested size: 122.72595pt x 92.04344pt.
<scipy_product.png, id=51, 462.528pt x 346.896pt>
File: scipy_product.png Graphic file (type png)
<use scipy_product.png>
Package pdftex.def Info: scipy_product.png  used on input line 73.
(pdftex.def)             Requested size: 122.72595pt x 92.04344pt.
<scipy_difference.png, id=52, 462.528pt x 346.896pt>
File: scipy_difference.png Graphic file (type png)
<use scipy_difference.png>
Package pdftex.def Info: scipy_difference.png  used on input line 74.
(pdftex.def)             Requested size: 122.72595pt x 92.04344pt.
<amygdala2.png, id=53, 462.528pt x 346.896pt>
File: amygdala2.png Graphic file (type png)
<use amygdala2.png>
Package pdftex.def Info: amygdala2.png  used on input line 83.
(pdftex.def)             Requested size: 94.08719pt x 70.56364pt.
<amygdala3.png, id=54, 462.528pt x 346.896pt>
File: amygdala3.png Graphic file (type png)
<use amygdala3.png>
Package pdftex.def Info: amygdala3.png  used on input line 84.
(pdftex.def)             Requested size: 94.08719pt x 70.56364pt.
<amygdala4.png, id=55, 462.528pt x 346.896pt>
File: amygdala4.png Graphic file (type png)
<use amygdala4.png>
Package pdftex.def Info: amygdala4.png  used on input line 85.
(pdftex.def)             Requested size: 94.08719pt x 70.56364pt.
<amygdala5.png, id=56, 462.528pt x 346.896pt>
File: amygdala5.png Graphic file (type png)
<use amygdala5.png>
Package pdftex.def Info: amygdala5.png  used on input line 86.
(pdftex.def)             Requested size: 94.08719pt x 70.56364pt.
<acc2.png, id=57, 462.528pt x 346.896pt>
File: acc2.png Graphic file (type png)
<use acc2.png>
Package pdftex.def Info: acc2.png  used on input line 87.
(pdftex.def)             Requested size: 94.08719pt x 70.56364pt.
<acc3.png, id=58, 462.528pt x 346.896pt>
File: acc3.png Graphic file (type png)
<use acc3.png>
Package pdftex.def Info: acc3.png  used on input line 88.
(pdftex.def)             Requested size: 94.08719pt x 70.56364pt.
<acc4.png, id=59, 462.528pt x 346.896pt>
File: acc4.png Graphic file (type png)
<use acc4.png>
Package pdftex.def Info: acc4.png  used on input line 89.
(pdftex.def)             Requested size: 94.08719pt x 70.56364pt.
<acc5.png, id=60, 462.528pt x 346.896pt>
File: acc5.png Graphic file (type png)
<use acc5.png>
Package pdftex.def Info: acc5.png  used on input line 90.
(pdftex.def)             Requested size: 94.08719pt x 70.56364pt.
[4 <./kde4.png> <./kde5.png> <./kde6.png> <./joint.png> <./product.png> <./diff
erence.png> <./scipy_joint.png> <./scipy_product.png> <./scipy_difference.png>]
<joint_surface2.png, id=73, 462.528pt x 346.896pt>
File: joint_surface2.png Graphic file (type png)
<use joint_surface2.png>
Package pdftex.def Info: joint_surface2.png  used on input line 98.
(pdftex.def)             Requested size: 94.08719pt x 70.56364pt.
<joint_surface3.png, id=74, 462.528pt x 346.896pt>
File: joint_surface3.png Graphic file (type png)
<use joint_surface3.png>
Package pdftex.def Info: joint_surface3.png  used on input line 99.
(pdftex.def)             Requested size: 94.08719pt x 70.56364pt.
<joint_surface4.png, id=75, 462.528pt x 346.896pt>
File: joint_surface4.png Graphic file (type png)
<use joint_surface4.png>
Package pdftex.def Info: joint_surface4.png  used on input line 100.
(pdftex.def)             Requested size: 94.08719pt x 70.56364pt.
<joint_surface5.png, id=76, 462.528pt x 346.896pt>
File: joint_surface5.png Graphic file (type png)
<use joint_surface5.png>
Package pdftex.def Info: joint_surface5.png  used on input line 101.
(pdftex.def)             Requested size: 94.08719pt x 70.56364pt.
<joint2.png, id=77, 462.528pt x 346.896pt>
File: joint2.png Graphic file (type png)
<use joint2.png>
Package pdftex.def Info: joint2.png  used on input line 111.
(pdftex.def)             Requested size: 94.08719pt x 70.56364pt.
<joint3.png, id=78, 462.528pt x 346.896pt>
File: joint3.png Graphic file (type png)
<use joint3.png>
Package pdftex.def Info: joint3.png  used on input line 112.
(pdftex.def)             Requested size: 94.08719pt x 70.56364pt.
<joint4.png, id=79, 462.528pt x 346.896pt>
File: joint4.png Graphic file (type png)
<use joint4.png>
Package pdftex.def Info: joint4.png  used on input line 113.
(pdftex.def)             Requested size: 94.08719pt x 70.56364pt.
<joint5.png, id=80, 462.528pt x 346.896pt>
File: joint5.png Graphic file (type png)
<use joint5.png>
Package pdftex.def Info: joint5.png  used on input line 114.
(pdftex.def)             Requested size: 94.08719pt x 70.56364pt.
<product2.png, id=81, 462.528pt x 346.896pt>
File: product2.png Graphic file (type png)
<use product2.png>
Package pdftex.def Info: product2.png  used on input line 115.
(pdftex.def)             Requested size: 94.08719pt x 70.56364pt.
<product3.png, id=82, 462.528pt x 346.896pt>
File: product3.png Graphic file (type png)
<use product3.png>
Package pdftex.def Info: product3.png  used on input line 116.
(pdftex.def)             Requested size: 94.08719pt x 70.56364pt.
<product4.png, id=83, 462.528pt x 346.896pt>
File: product4.png Graphic file (type png)
<use product4.png>
Package pdftex.def Info: product4.png  used on input line 117.
(pdftex.def)             Requested size: 94.08719pt x 70.56364pt.
<product5.png, id=84, 462.528pt x 346.896pt>
File: product5.png Graphic file (type png)
<use product5.png>
Package pdftex.def Info: product5.png  used on input line 118.
(pdftex.def)             Requested size: 94.08719pt x 70.56364pt.
<error2.png, id=85, 462.528pt x 346.896pt>
File: error2.png Graphic file (type png)
<use error2.png>
Package pdftex.def Info: error2.png  used on input line 119.
(pdftex.def)             Requested size: 94.08719pt x 70.56364pt.
<error3.png, id=86, 462.528pt x 346.896pt>
File: error3.png Graphic file (type png)
<use error3.png>
Package pdftex.def Info: error3.png  used on input line 120.
(pdftex.def)             Requested size: 94.08719pt x 70.56364pt.
<error4.png, id=87, 462.528pt x 346.896pt>
File: error4.png Graphic file (type png)
<use error4.png>
Package pdftex.def Info: error4.png  used on input line 121.
(pdftex.def)             Requested size: 94.08719pt x 70.56364pt.
<error5.png, id=88, 462.528pt x 346.896pt>
File: error5.png Graphic file (type png)
<use error5.png>
Package pdftex.def Info: error5.png  used on input line 122.
(pdftex.def)             Requested size: 94.08719pt x 70.56364pt.
[5 <./amygdala2.png> <./amygdala3.png> <./amygdala4.png> <./amygdala5.png> <./a
cc2.png> <./acc3.png> <./acc4.png> <./acc5.png> <./joint_surface2.png> <./joint
_surface3.png> <./joint_surface4.png> <./joint_surface5.png>]
Underfull \hbox (badness 10000) in paragraph at lines 142--143

 []

<Figure_2.png, id=105, 462.528pt x 346.896pt>
File: Figure_2.png Graphic file (type png)
<use Figure_2.png>
Package pdftex.def Info: Figure_2.png  used on input line 144.
(pdftex.def)             Requested size: 196.35779pt x 147.2674pt.
<Figure_6.png, id=106, 462.528pt x 346.896pt>
File: Figure_6.png Graphic file (type png)
<use Figure_6.png>
Package pdftex.def Info: Figure_6.png  used on input line 145.
(pdftex.def)             Requested size: 196.35779pt x 147.2674pt.
[6 <./joint2.png> <./joint3.png> <./joint4.png> <./joint5.png> <./product2.png>
 <./product3.png> <./product4.png> <./product5.png> <./error2.png> <./error3.pn
g> <./error4.png> <./error5.png>]
Underfull \hbox (badness 10000) in paragraph at lines 153--155

 []

LaTeX Font Info:    Try loading font information for OMS+cmr on input line 164.

(/usr/local/texlive/2018/texmf-dist/tex/latex/base/omscmr.fd
File: omscmr.fd 2014/09/29 v2.5h Standard LaTeX font definitions
)
LaTeX Font Info:    Font shape `OMS/cmr/m/n' in size <12> not available
(Font)              Font shape `OMS/cmsy/m/n' tried instead on input line 164.
 [7 <./Figure_2.png> <./Figure_6.png>]
<log_likelihood.png, id=129, 867.24pt x 578.16pt>
File: log_likelihood.png Graphic file (type png)
<use log_likelihood.png>
Package pdftex.def Info: log_likelihood.png  used on input line 171.
(pdftex.def)             Requested size: 327.26715pt x 218.17686pt.

Underfull \hbox (badness 10000) in paragraph at lines 178--179

 []

<mean1.png, id=130, 462.528pt x 346.896pt>
File: mean1.png Graphic file (type png)
<use mean1.png>
Package pdftex.def Info: mean1.png  used on input line 180.
(pdftex.def)             Requested size: 196.35779pt x 147.2674pt.
<mean2.png, id=131, 462.528pt x 346.896pt>
File: mean2.png Graphic file (type png)
<use mean2.png>
Package pdftex.def Info: mean2.png  used on input line 181.
(pdftex.def)             Requested size: 196.35779pt x 147.2674pt.
<cov1.png, id=132, 462.528pt x 346.896pt>
File: cov1.png Graphic file (type png)
<use cov1.png>
Package pdftex.def Info: cov1.png  used on input line 182.
(pdftex.def)             Requested size: 196.35779pt x 147.2674pt.
<cov2.png, id=133, 462.528pt x 346.896pt>
File: cov2.png Graphic file (type png)
<use cov2.png>
Package pdftex.def Info: cov2.png  used on input line 183.
(pdftex.def)             Requested size: 196.35779pt x 147.2674pt.

Underfull \vbox (badness 10000) has occurred while \output is active []

 [8 <./log_likelihood.png>]
Underfull \hbox (badness 10000) in paragraph at lines 189--190

 []


Underfull \hbox (badness 10000) in paragraph at lines 191--192

 []

[9 <./mean1.png> <./mean2.png> <./cov1.png> <./cov2.png>] [10] [11]
(./homework3.aux) ) 
Here is how much of TeX's memory you used:
 12400 strings out of 492649
 241138 string characters out of 6129622
 285297 words of memory out of 5000000
 15993 multiletter control sequences out of 15000+600000
 13351 words of font info for 51 fonts, out of 8000000 for 9000
 1141 hyphenation exceptions out of 8191
 54i,7n,73p,1318b,494s stack positions out of 5000i,500n,10000p,200000b,80000s
</usr/local/texlive/2018/texmf-dist/fonts/type1/public/amsfo
nts/cm/cmbx12.pfb></usr/local/texlive/2018/texmf-dist/fonts/type1/public/amsfon
ts/cm/cmex10.pfb></usr/local/texlive/2018/texmf-dist/fonts/type1/public/amsfont
s/cm/cmmi12.pfb></usr/local/texlive/2018/texmf-dist/fonts/type1/public/amsfonts
/cm/cmmi6.pfb></usr/local/texlive/2018/texmf-dist/fonts/type1/public/amsfonts/c
m/cmmi8.pfb></usr/local/texlive/2018/texmf-dist/fonts/type1/public/amsfonts/cm/
cmr10.pfb></usr/local/texlive/2018/texmf-dist/fonts/type1/public/amsfonts/cm/cm
r12.pfb></usr/local/texlive/2018/texmf-dist/fonts/type1/public/amsfonts/cm/cmr1
7.pfb></usr/local/texlive/2018/texmf-dist/fonts/type1/public/amsfonts/cm/cmr6.p
fb></usr/local/texlive/2018/texmf-dist/fonts/type1/public/amsfonts/cm/cmr8.pfb>
</usr/local/texlive/2018/texmf-dist/fonts/type1/public/amsfonts/cm/cmss12.pfb><
/usr/local/texlive/2018/texmf-dist/fonts/type1/public/amsfonts/cm/cmsy10.pfb></
usr/local/texlive/2018/texmf-dist/fonts/type1/public/amsfonts/cm/cmsy6.pfb></us
r/local/texlive/2018/texmf-dist/fonts/type1/public/amsfonts/cm/cmsy8.pfb></usr/
local/texlive/2018/texmf-dist/fonts/type1/public/amsfonts/cm/cmti12.pfb></usr/l
ocal/texlive/2018/texmf-dist/fonts/type1/public/amsfonts/symbols/msbm10.pfb>
Output written on homework3.pdf (11 pages, 2126908 bytes).
PDF statistics:
 202 PDF objects out of 1000 (max. 8388607)
 78 compressed objects within 1 object stream
 0 named destinations out of 1000 (max. 500000)
 248 words of extra memory for PDF output out of 10000 (max. 10000000)

